\BOOKMARK [0][-]{dummy.4}{\376\377\000L\000i\000s\000t\000\040\000o\000f\000\040\000F\000i\000g\000u\000r\000e\000s}{}% 1
\BOOKMARK [0][-]{dummy.7}{\376\377\000L\000i\000s\000t\000\040\000o\000f\000\040\000T\000a\000b\000l\000e\000s}{}% 2
\BOOKMARK [0][-]{section*.10}{\376\377\000I\000n\000t\000r\000o\000d\000u\000c\000t\000i\000o\000n}{}% 3
\BOOKMARK [1][-]{chapter*.11}{\376\377\000O\000v\000e\000r\000v\000i\000e\000w}{section*.10}% 4
\BOOKMARK [1][-]{section*.13}{\376\377\000M\000a\000i\000n\000\040\000c\000o\000n\000t\000r\000i\000b\000u\000t\000i\000o\000n\000s\000\040\000o\000f\000\040\000t\000h\000e\000\040\000t\000h\000e\000s\000i\000s}{section*.10}% 5
\BOOKMARK [0][-]{chapter.15}{\376\377\0001\000\040\000B\000a\000c\000k\000g\000r\000o\000u\000n\000d\000:\000\040\000s\000t\000a\000t\000i\000s\000t\000i\000c\000a\000l\000\040\000m\000o\000d\000e\000l\000i\000n\000g\000\040\000o\000f\000\040\000c\000a\000l\000c\000i\000u\000m\000\040\000i\000m\000a\000g\000i\000n\000g\000\040\000d\000a\000t\000a}{}% 6
\BOOKMARK [1][-]{section.16}{\376\377\0001\000.\0001\000\040\000O\000v\000e\000r\000v\000i\000e\000w\000\040\000o\000f\000\040\000c\000a\000l\000c\000i\000u\000m\000\040\000i\000m\000a\000g\000i\000n\000g\000\040\000d\000a\000t\000a}{chapter.15}% 7
\BOOKMARK [2][-]{subsection.17}{\376\377\0001\000.\0001\000.\0001\000\040\000D\000e\000c\000o\000n\000v\000o\000l\000u\000t\000i\000o\000n\000\040\000m\000e\000t\000h\000o\000d\000s}{section.16}% 8
\BOOKMARK [1][-]{section.19}{\376\377\0001\000.\0002\000\040\000D\000a\000t\000a\000\040\000s\000e\000t\000s}{chapter.15}% 9
\BOOKMARK [2][-]{subsection.20}{\376\377\0001\000.\0002\000.\0001\000\040\000A\000l\000l\000e\000n\000\040\000B\000r\000a\000i\000n\000\040\000O\000b\000s\000e\000r\000v\000a\000t\000o\000r\000y\000\040\000d\000a\000t\000a}{section.19}% 10
\BOOKMARK [2][-]{subsection.22}{\376\377\0001\000.\0002\000.\0002\000\040\000A\000l\000t\000r\000i\000\040\000d\000a\000t\000i\000?}{section.19}% 11
\BOOKMARK [1][-]{section.23}{\376\377\0001\000.\0003\000\040\000A\000\040\000b\000r\000i\000e\000f\000\040\000r\000e\000v\000i\000e\000w\000\040\000o\000f\000\040\000s\000o\000m\000e\000\040\000B\000a\000y\000e\000s\000i\000a\000n\000\040\000n\000o\000n\000p\000a\000r\000a\000m\000e\000t\000r\000i\000c\000\040\000m\000o\000d\000e\000l\000s}{chapter.15}% 12
\BOOKMARK [2][-]{subsection.24}{\376\377\0001\000.\0003\000.\0001\000\040\000F\000i\000n\000i\000t\000e\000\040\000m\000i\000x\000t\000u\000r\000e\000\040\000m\000o\000d\000e\000l\000s}{section.23}% 13
\BOOKMARK [2][-]{subsection.32}{\376\377\0001\000.\0003\000.\0002\000\040\000D\000i\000r\000i\000c\000h\000l\000e\000t\000\040\000p\000r\000o\000c\000e\000s\000s\000\040\000m\000i\000x\000t\000u\000r\000e\000\040\000m\000o\000d\000e\000l\000s}{section.23}% 14
\BOOKMARK [2][-]{subsection.44}{\376\377\0001\000.\0003\000.\0003\000\040\000M\000i\000x\000t\000u\000r\000e\000s\000\040\000o\000f\000\040\000f\000i\000n\000i\000t\000e\000\040\000m\000i\000x\000t\000u\000r\000e\000s}{section.23}% 15
\BOOKMARK [2][-]{subsection.52}{\376\377\0001\000.\0003\000.\0004\000\040\000B\000a\000y\000e\000s\000i\000a\000n\000\040\000n\000o\000n\000p\000a\000r\000a\000m\000e\000t\000r\000i\000c\000\040\000m\000o\000d\000e\000l\000s\000\040\000f\000o\000r\000\040\000n\000e\000s\000t\000e\000d\000\040\000d\000a\000t\000a}{section.23}% 16
\BOOKMARK [0][-]{chapter.61}{\376\377\0002\000\040\000E\000f\000f\000i\000c\000i\000e\000n\000t\000\040\000p\000o\000s\000t\000e\000r\000i\000o\000r\000\040\000s\000a\000m\000p\000l\000i\000n\000g\000\040\000f\000o\000r\000\040\000B\000a\000y\000e\000s\000i\000a\000n\000\040\000l\000o\000g\000-\000l\000i\000n\000e\000a\000r\000\040\000m\000o\000d\000e\000l\000s}{}% 17
\BOOKMARK [1][-]{section.62}{\376\377\0002\000.\0001\000\040\000A\000l\000g\000o\000r\000i\000t\000h\000m}{chapter.61}% 18
\BOOKMARK [0][-]{chapter.63}{\376\377\0003\000\040\000B\000a\000y\000e\000s\000i\000a\000n\000\040\000n\000o\000n\000p\000a\000r\000a\000m\000e\000t\000r\000i\000c\000\040\000a\000n\000a\000l\000y\000s\000i\000s\000\040\000f\000o\000r\000\040\000p\000a\000r\000t\000i\000a\000l\000l\000y\000\040\000e\000x\000c\000h\000a\000n\000g\000e\000a\000b\000l\000e\000\040\000s\000i\000n\000g\000l\000e\000-\000n\000e\000u\000r\000o\000n\000\040\000d\000a\000t\000a\000\040}{}% 19
\BOOKMARK [1][-]{section.64}{\376\377\0003\000.\0001\000\040\000M\000o\000d\000e\000l\000\040\000s\000p\000e\000c\000i\000f\000i\000c\000a\000t\000i\000o\000n}{chapter.63}% 20
\BOOKMARK [1][-]{section.65}{\376\377\0003\000.\0002\000\040\000P\000o\000s\000t\000e\000r\000i\000o\000r\000\040\000c\000o\000m\000p\000u\000t\000a\000t\000i\000o\000n}{chapter.63}% 21
\BOOKMARK [0][-]{dummy.66}{\376\377\000B\000i\000b\000l\000i\000o\000g\000r\000a\000p\000h\000y}{}% 22
